<?xml version="1.0" encoding="UTF-8"?>
<testsuite xmlns:xsi="http://www.w3.org/2001/XMLSchema-instance" xsi:noNamespaceSchemaLocation="https://maven.apache.org/surefire/maven-surefire-plugin/xsd/surefire-test-report.xsd" version="3.0.2" name="cn.edu.tju.order.service.ReviewInternalServiceTest" time="0.044" tests="4" errors="0" skipped="0" failures="0">
  <properties>
[...]
</properties>
  <testcase name="updateReview_shouldThrowWhenMissing" classname="cn.edu.tju.order.service.ReviewInternalServiceTest" time="0.037"/>
  <testcase name="createReview_shouldReturnExistingWhenOrderAlreadyReviewed" classname="cn.edu.tju.order.service.ReviewInternalServiceTest" time="0.002"/>
  <testcase name="deleteReview_shouldMarkDeleted" classname="cn.edu.tju.order.service.ReviewInternalServiceTest" time="0.002"/>
  <testcase name="getReviewsByBusinessId_shouldReturnList" classname="cn.edu.tju.order.service.ReviewInternalServiceTest" time="0.001"/>
</testsuite>